В качетсве сигнальной свечи выбран ТФ 1 мин:
-------------------------------------
дата: 04-05-2022

количество сделок: 6
успешных сделок: 2
заработано пунктов: 0.370
отрицательных сделок: 4
потеряно пунктов: -0.190

итого пунктов: 0.180
-------------------------------------
дата: 05-05-2022

количество сделок: 16
успешных сделок: 6
заработано пунктов: 0.575
отрицательных сделок: 10
потеряно пунктов: -0.255

итого пунктов: 0.320
-------------------------------------
дата: 06-05-2022

количество сделок: 12
успешных сделок: 4
заработано пунктов: 0.250
отрицательных сделок: 8
потеряно пунктов: -0.355

итого пунктов: -0.105
-------------------------------------
дата: 11-05-2022

количество сделок: 0
успешных сделок: 0
заработано пунктов: 0.000
отрицательных сделок: 0
потеряно пунктов: 0.000

итого пунктов: 0.000
-------------------------------------
дата: 12-05-2022

количество сделок: 4
успешных сделок: 0
заработано пунктов: 0.000
отрицательных сделок: 4
потеряно пунктов: -0.215

итого пунктов: -0.215
-------------------------------------
дата: 13-05-2022

количество сделок: 6
успешных сделок: 0
заработано пунктов: 0.000
отрицательных сделок: 6
потеряно пунктов: -0.730

итого пунктов: -0.730
-------------------------------------
дата: 16-05-2022

количество сделок: 2
успешных сделок: 0
заработано пунктов: 0.000
отрицательных сделок: 2
потеряно пунктов: -0.250

итого пунктов: -0.250
-------------------------------------
дата: 17-05-2022

количество сделок: 4
успешных сделок: 0
заработано пунктов: 0.000
отрицательных сделок: 4
потеряно пунктов: -0.290

итого пунктов: -0.290
-------------------------------------
дата: 18-05-2022

количество сделок: 10
успешных сделок: 8
заработано пунктов: 0.685
отрицательных сделок: 2
потеряно пунктов: -0.080

итого пунктов: 0.605
-------------------------------------
дата: 19-05-2022

количество сделок: 4
успешных сделок: 0
заработано пунктов: 0.000
отрицательных сделок: 4
потеряно пунктов: -0.205

итого пунктов: -0.205
-------------------------------------
дата: 20-05-2022

количество сделок: 4
успешных сделок: 0
заработано пунктов: 0.000
отрицательных сделок: 4
потеряно пунктов: -0.155

итого пунктов: -0.155
-------------------------------------
общий результат в пунктах: -0.84



В качетсве сигнальной свечи выбран ТФ 5 мин:
-------------------------------------
дата: 04-05-2022

количество сделок: 6
успешных сделок: 0
заработано пунктов: 0.000
отрицательных сделок: 6
потеряно пунктов: -0.270

итого пунктов: -0.270
-------------------------------------
дата: 05-05-2022

количество сделок: 12
успешных сделок: 4
заработано пунктов: 0.643
отрицательных сделок: 8
потеряно пунктов: -0.515

итого пунктов: 0.127
-------------------------------------
дата: 06-05-2022

количество сделок: 8
успешных сделок: 2
заработано пунктов: 0.095
отрицательных сделок: 6
потеряно пунктов: -0.505

итого пунктов: -0.410
-------------------------------------
дата: 11-05-2022

количество сделок: 10
успешных сделок: 2
заработано пунктов: 0.462
отрицательных сделок: 8
потеряно пунктов: -1.210

итого пунктов: -0.748
-------------------------------------
дата: 12-05-2022

количество сделок: 2
успешных сделок: 0
заработано пунктов: 0.000
отрицательных сделок: 2
потеряно пунктов: -0.085

итого пунктов: -0.085
-------------------------------------
дата: 13-05-2022

количество сделок: 6
успешных сделок: 2
заработано пунктов: 1.700
отрицательных сделок: 4
потеряно пунктов: -0.255

итого пунктов: 1.445
-------------------------------------
дата: 16-05-2022

количество сделок: 4
успешных сделок: 0
заработано пунктов: 0.000
отрицательных сделок: 4
потеряно пунктов: -0.575

итого пунктов: -0.575
-------------------------------------
дата: 17-05-2022

количество сделок: 14
успешных сделок: 5
заработано пунктов: 1.015
отрицательных сделок: 9
потеряно пунктов: -0.635

итого пунктов: 0.380
-------------------------------------
дата: 18-05-2022

количество сделок: 6
успешных сделок: 4
заработано пунктов: 0.660
отрицательных сделок: 2
потеряно пунктов: -0.210

итого пунктов: 0.450
-------------------------------------
дата: 19-05-2022

количество сделок: 14
успешных сделок: 0
заработано пунктов: 0.000
отрицательных сделок: 14
потеряно пунктов: -1.240

итого пунктов: -1.240
-------------------------------------
дата: 20-05-2022

количество сделок: 4
успешных сделок: 0
заработано пунктов: 0.000
отрицательных сделок: 4
потеряно пунктов: -0.480

итого пунктов: -0.480
-------------------------------------
общий результат в пунктах: -1.41



В качетсве сигнальной свечи выбран ТФ 5 мин и подобраны параметры стратегии:
-------------------------------------
дата: 04-05-2022

количество сделок: 6
успешных сделок: 0
заработано пунктов: 0.000
отрицательных сделок: 6
потеряно пунктов: -0.270

итого пунктов: -0.270
-------------------------------------
дата: 05-05-2022

количество сделок: 6
успешных сделок: 2
заработано пунктов: 0.303
отрицательных сделок: 4
потеряно пунктов: -0.510

итого пунктов: -0.208
-------------------------------------
дата: 06-05-2022

количество сделок: 8
успешных сделок: 2
заработано пунктов: 0.095
отрицательных сделок: 6
потеряно пунктов: -0.505

итого пунктов: -0.410
-------------------------------------
дата: 11-05-2022

количество сделок: 10
успешных сделок: 2
заработано пунктов: 0.462
отрицательных сделок: 8
потеряно пунктов: -1.255

итого пунктов: -0.793
-------------------------------------
дата: 12-05-2022

количество сделок: 4
успешных сделок: 2
заработано пунктов: 0.75
отрицательных сделок: 2
потеряно пунктов: -0.085

итого пунктов: 0.665
-------------------------------------
дата: 13-05-2022

количество сделок: 6
успешных сделок: 2
заработано пунктов: 1.700
отрицательных сделок: 4
потеряно пунктов: -0.255

итого пунктов: 1.445
-------------------------------------
дата: 16-05-2022

количество сделок: 6
успешных сделок: 2
заработано пунктов: 0.825
отрицательных сделок: 4
потеряно пунктов: -0.575

итого пунктов: 0.25
-------------------------------------
дата: 17-05-2022

количество сделок: 10
успешных сделок: 2
заработано пунктов: 0.517
отрицательных сделок: 8
потеряно пунктов: -0.855

итого пунктов: -0.338
-------------------------------------
общий результат в пунктах: 0.341