В качетсве сигнальной свечи выбран ТФ 1 мин:
-------------------------------------
дата: 04-05-2022

количество сделок: 14
успешных сделок: 2
заработано пунктов: 1.530
отрицательных сделок: 12
потеряно пунктов: -3.100

итого пунктов: -1.570
-------------------------------------
дата: 05-05-2022

количество сделок: 10
успешных сделок: 4
заработано пунктов: 1.800
отрицательных сделок: 6
потеряно пунктов: -1.420

итого пунктов: 0.380
-------------------------------------
дата: 06-05-2022

количество сделок: 6
успешных сделок: 2
заработано пунктов: 0.420
отрицательных сделок: 4
потеряно пунктов: -1.140

итого пунктов: -0.720
-------------------------------------
дата: 11-05-2022

количество сделок: 8
успешных сделок: 6
заработано пунктов: 2.130
отрицательных сделок: 2
потеряно пунктов: -0.440

итого пунктов: 1.690
-------------------------------------
дата: 12-05-2022

количество сделок: 10
успешных сделок: 4
заработано пунктов: 2.080
отрицательных сделок: 6
потеряно пунктов: -1.180

итого пунктов: 0.900
-------------------------------------
дата: 13-05-2022

количество сделок: 2
успешных сделок: 0
заработано пунктов: 0.000
отрицательных сделок: 2
потеряно пунктов: -0.660

итого пунктов: -0.660
-------------------------------------
дата: 16-05-2022

количество сделок: 4
успешных сделок: 2
заработано пунктов: 1.450
отрицательных сделок: 2
потеряно пунктов: -1.020

итого пунктов: 0.430
-------------------------------------
дата: 17-05-2022

количество сделок: 8
успешных сделок: 3
заработано пунктов: 1.890
отрицательных сделок: 5
потеряно пунктов: -1.040

итого пунктов: 0.850
-------------------------------------
дата: 18-05-2022

количество сделок: 4
успешных сделок: 2
заработано пунктов: 0.840
отрицательных сделок: 2
потеряно пунктов: -1.560

итого пунктов: -0.720
-------------------------------------
дата: 19-05-2022

количество сделок: 4
успешных сделок: 0
заработано пунктов: 0.000
отрицательных сделок: 4
потеряно пунктов: -0.740

итого пунктов: -0.740
-------------------------------------
дата: 20-05-2022

количество сделок: 2
успешных сделок: 0
заработано пунктов: 0.000
отрицательных сделок: 2
потеряно пунктов: -0.400

итого пунктов: -0.400
-------------------------------------
общий результат в пунктах: -0.56



В качетсве сигнальной свечи выбран ТФ 5 мин:
-------------------------------------
дата: 04-05-2022

количество сделок: 10
успешных сделок: 2
заработано пунктов: 0.400
отрицательных сделок: 8
потеряно пунктов: -2.640

итого пунктов: -2.240
-------------------------------------
дата: 05-05-2022

количество сделок: 14
успешных сделок: 4
заработано пунктов: 0.340
отрицательных сделок: 10
потеряно пунктов: -4.960

итого пунктов: -4.620
-------------------------------------
дата: 06-05-2022

количество сделок: 4
успешных сделок: 2
заработано пунктов: 0.820
отрицательных сделок: 2
потеряно пунктов: -0.500

итого пунктов: 0.320
-------------------------------------
дата: 11-05-2022

количество сделок: 8
успешных сделок: 6
заработано пунктов: 5.210
отрицательных сделок: 2
потеряно пунктов: -0.240

итого пунктов: 4.970
-------------------------------------
дата: 12-05-2022

количество сделок: 8
успешных сделок: 0
заработано пунктов: 0.000
отрицательных сделок: 8
потеряно пунктов: -1.320

итого пунктов: -1.320
-------------------------------------
дата: 13-05-2022

количество сделок: 12
успешных сделок: 4
заработано пунктов: 5.450
отрицательных сделок: 8
потеряно пунктов: -2.180

итого пунктов: 3.270
-------------------------------------
дата: 16-05-2022

количество сделок: 10
успешных сделок: 0
заработано пунктов: 0.000
отрицательных сделок: 10
потеряно пунктов: -4.920

итого пунктов: -4.920
-------------------------------------
дата: 17-05-2022

количество сделок: 6
успешных сделок: 0
заработано пунктов: 0.000
отрицательных сделок: 6
потеряно пунктов: -2.520

итого пунктов: -2.520
-------------------------------------
дата: 18-05-2022

количество сделок: 2
успешных сделок: 0
заработано пунктов: 0.000
отрицательных сделок: 2
потеряно пунктов: -1.780

итого пунктов: -1.780
-------------------------------------
дата: 19-05-2022

количество сделок: 8
успешных сделок: 2
заработано пунктов: 0.690
отрицательных сделок: 6
потеряно пунктов: -2.120

итого пунктов: -1.430
-------------------------------------
дата: 20-05-2022

количество сделок: 2
успешных сделок: 2
заработано пунктов: 0.780
отрицательных сделок: 0
потеряно пунктов: 0.000

итого пунктов: 0.780
-------------------------------------
общий результат в пунктах: -9.49
