В качетсве сигнальной свечи выбран ТФ 1 мин:
-------------------------------------
дата: 04-05-2022

количество сделок: 12
успешных сделок: 2
заработано пунктов: 0.900
отрицательных сделок: 10
потеряно пунктов: -2.520

итого пунктов: -1.620
-------------------------------------
дата: 05-05-2022

количество сделок: 8
успешных сделок: 4
заработано пунктов: 0.510
отрицательных сделок: 4
потеряно пунктов: -0.540

итого пунктов: -0.030
-------------------------------------
дата: 06-05-2022

количество сделок: 6
успешных сделок: 2
заработано пунктов: 0.100
отрицательных сделок: 4
потеряно пунктов: -0.800

итого пунктов: -0.700
-------------------------------------
дата: 11-05-2022

количество сделок: 14
успешных сделок: 4
заработано пунктов: 0.710
отрицательных сделок: 10
потеряно пунктов: -1.080

итого пунктов: -0.370
-------------------------------------
дата: 12-05-2022

количество сделок: 2
успешных сделок: 0
заработано пунктов: 0.000
отрицательных сделок: 2
потеряно пунктов: -0.160

итого пунктов: -0.160
-------------------------------------
дата: 13-05-2022

количество сделок: 10
успешных сделок: 2
заработано пунктов: 0.450
отрицательных сделок: 8
потеряно пунктов: -1.120

итого пунктов: -0.670
-------------------------------------
дата: 16-05-2022

количество сделок: 4
успешных сделок: 1
заработано пунктов: 0.110
отрицательных сделок: 3
потеряно пунктов: -0.190

итого пунктов: -0.080
-------------------------------------
дата: 17-05-2022

количество сделок: 4
успешных сделок: 2
заработано пунктов: 1.500
отрицательных сделок: 2
потеряно пунктов: -0.180

итого пунктов: 1.320
-------------------------------------
дата: 18-05-2022

количество сделок: 12
успешных сделок: 1
заработано пунктов: 0.270
отрицательных сделок: 11
потеряно пунктов: -1.130

итого пунктов: -0.860
-------------------------------------
дата: 19-05-2022

количество сделок: 10
успешных сделок: 3
заработано пунктов: 0.620
отрицательных сделок: 7
потеряно пунктов: -1.050

итого пунктов: -0.430
-------------------------------------
дата: 20-05-2022

количество сделок: 8
успешных сделок: 3
заработано пунктов: 0.720
отрицательных сделок: 5
потеряно пунктов: -0.620

итого пунктов: 0.100
-------------------------------------
общий результат в пунктах: -3.77



В качетсве сигнальной свечи выбран ТФ 5 мин:
-------------------------------------
дата: 04-05-2022

количество сделок: 10
успешных сделок: 4
заработано пунктов: 0.520
отрицательных сделок: 6
потеряно пунктов: -1.840

итого пунктов: -1.320
-------------------------------------
дата: 05-05-2022

количество сделок: 4
успешных сделок: 2
заработано пунктов: 0.120
отрицательных сделок: 2
потеряно пунктов: -0.500

итого пунктов: -0.380
-------------------------------------
дата: 06-05-2022

количество сделок: 12
успешных сделок: 2
заработано пунктов: 0.140
отрицательных сделок: 10
потеряно пунктов: -1.540

итого пунктов: -1.400
-------------------------------------
дата: 11-05-2022

количество сделок: 6
успешных сделок: 2
заработано пунктов: 0.490
отрицательных сделок: 4
потеряно пунктов: -0.600

итого пунктов: -0.110
-------------------------------------
дата: 12-05-2022

количество сделок: 4
успешных сделок: 0
заработано пунктов: 0.000
отрицательных сделок: 4
потеряно пунктов: -0.560

итого пунктов: -0.560
-------------------------------------
дата: 13-05-2022

количество сделок: 4
успешных сделок: 2
заработано пунктов: 0.540
отрицательных сделок: 2
потеряно пунктов: -0.200

итого пунктов: 0.340
-------------------------------------
дата: 16-05-2022

количество сделок: 18
успешных сделок: 4
заработано пунктов: 1.170
отрицательных сделок: 14
потеряно пунктов: -2.720

итого пунктов: -1.550
-------------------------------------
дата: 17-05-2022

количество сделок: 4
успешных сделок: 2
заработано пунктов: 0.200
отрицательных сделок: 2
потеряно пунктов: -0.440

итого пунктов: -0.240
-------------------------------------
дата: 18-05-2022

количество сделок: 12
успешных сделок: 2
заработано пунктов: 0.380
отрицательных сделок: 10
потеряно пунктов: -1.100

итого пунктов: -0.720
-------------------------------------
дата: 19-05-2022

количество сделок: 10
успешных сделок: 2
заработано пунктов: 0.370
отрицательных сделок: 8
потеряно пунктов: -3.080

итого пунктов: -2.710
-------------------------------------
дата: 20-05-2022

количество сделок: 8
успешных сделок: 4
заработано пунктов: 4.900
отрицательных сделок: 4
потеряно пунктов: -1.400

итого пунктов: 3.500
-------------------------------------
общий результат в пунктах: -5.15
